<?xml version="1.0" encoding="UTF-8"?>
<!-- Generated by org.testng.reporters.JUnitReportReporter -->
<testsuite skipped="0" hostname="DESKTOP-JDGVO00" name="AAAA_10.Test1_Login" tests="1" failures="0" timestamp="2021-05-22T09:11:52 IST" time="13.425" errors="0">
  <testcase name="LoginTest" time="13.425" classname="AAAA_10.Test1_Login"/>
  <system-out/>
</testsuite> <!-- AAAA_10.Test1_Login -->
