<?xml version="1.0" encoding="UTF-8"?>
<!-- Generated by org.testng.reporters.JUnitReportReporter -->
<testsuite skipped="0" hostname="DESKTOP-JDGVO00" name="Day_006_TestNG_DataProvider_Lab2.OrangeHRM_DataProvider_Lab1" tests="3" failures="0" timestamp="2021-04-30T08:18:39 IST" time="40.539" errors="0">
  <testcase name="Test1" time="12.865" classname="Day_006_TestNG_DataProvider_Lab2.OrangeHRM_DataProvider_Lab1"/>
  <system-out/>
  <testcase name="Test1" time="14.255" classname="Day_006_TestNG_DataProvider_Lab2.OrangeHRM_DataProvider_Lab1"/>
  <system-out/>
  <testcase name="Test1" time="13.419" classname="Day_006_TestNG_DataProvider_Lab2.OrangeHRM_DataProvider_Lab1"/>
  <system-out/>
</testsuite> <!-- Day_006_TestNG_DataProvider_Lab2.OrangeHRM_DataProvider_Lab1 -->
