<?xml version="1.0" encoding="UTF-8"?>
<!-- Generated by org.testng.reporters.JUnitReportReporter -->
<testsuite skipped="0" hostname="DESKTOP-JDGVO00" name="Day_37_BrokenLinks.BrokenLinks" tests="1" failures="0" timestamp="2021-05-13T08:40:07 IST" time="11.997" errors="0">
  <testcase name="Open_OrangeHRM" time="11.997" classname="Day_37_BrokenLinks.BrokenLinks"/>
  <system-out/>
</testsuite> <!-- Day_37_BrokenLinks.BrokenLinks -->
