<?xml version="1.0" encoding="UTF-8"?>
<!-- Generated by org.testng.reporters.JUnitReportReporter -->
<testsuite skipped="0" hostname="DESKTOP-JDGVO00" name="Day_023_File_Upload_Download.TC03_FileUpload" tests="1" failures="0" timestamp="2021-05-12T08:38:56 IST" time="41.935" errors="0">
  <testcase name="File_upload" time="41.935" classname="Day_023_File_Upload_Download.TC03_FileUpload"/>
  <system-out/>
</testsuite> <!-- Day_023_File_Upload_Download.TC03_FileUpload -->
