<?xml version="1.0" encoding="UTF-8"?>
<!-- Generated by org.testng.reporters.JUnitReportReporter -->
<testsuite skipped="0" hostname="DESKTOP-JDGVO00" name="Day_003_Locators.TC03_xpath2" tests="1" failures="0" timestamp="2021-03-19T13:29:21 IST" time="16.060" errors="0">
  <testcase name="Test2" time="16.060" classname="Day_003_Locators.TC03_xpath2"/>
  <system-out/>
</testsuite> <!-- Day_003_Locators.TC03_xpath2 -->
