<?xml version="1.0" encoding="UTF-8"?>
<!-- Generated by org.testng.reporters.JUnitReportReporter -->
<testsuite hostname="DESKTOP-09QDUHK" failures="0" tests="1" name="AAA.LOGIN" time="13.828" errors="0" timestamp="2021-05-26T23:14:20 IST" skipped="0">
  <testcase classname="AAA.LOGIN" name="Login" time="13.828"/>
  <system-out/>
</testsuite> <!-- AAA.LOGIN -->
