<?xml version="1.0" encoding="UTF-8"?>
<!-- Generated by org.testng.reporters.JUnitReportReporter -->
<testsuite hostname="DESKTOP-09QDUHK" failures="0" tests="2" name="Day_007_TestNG_DataProvider_Lab3.TC02_Add_Locations" time="61.595" errors="0" timestamp="2021-06-01T17:41:35 IST" skipped="0">
  <testcase classname="Day_007_TestNG_DataProvider_Lab3.TC02_Add_Locations" name="Login_Test" time="40.358"/>
  <system-out/>
  <testcase classname="Day_007_TestNG_DataProvider_Lab3.TC02_Add_Locations" name="Login_Test" time="21.237"/>
  <system-out/>
</testsuite> <!-- Day_007_TestNG_DataProvider_Lab3.TC02_Add_Locations -->
