<?xml version="1.0" encoding="UTF-8"?>
<!-- Generated by org.testng.reporters.JUnitReportReporter -->
<testsuite skipped="0" hostname="DESKTOP-JDGVO00" name="Day_025_ExcelUtil_Apache_POI.TC07_Excel_Test_xlsx2" tests="1" failures="0" timestamp="2021-03-16T08:20:32 IST" time="28.708" errors="0">
  <testcase name="hello" time="28.708" classname="Day_025_ExcelUtil_Apache_POI.TC07_Excel_Test_xlsx2"/>
  <system-out/>
</testsuite> <!-- Day_025_ExcelUtil_Apache_POI.TC07_Excel_Test_xlsx2 -->
