<?xml version="1.0" encoding="UTF-8"?>
<!-- Generated by org.testng.reporters.JUnitReportReporter -->
<testsuite skipped="0" hostname="DESKTOP-JDGVO00" name="ABC_Demo5.TC01_Login_DataProvider2" tests="3" failures="0" timestamp="2021-03-25T09:14:28 IST" time="48.102" errors="0">
  <testcase name="loginTest" time="14.902" classname="ABC_Demo5.TC01_Login_DataProvider2"/>
  <system-out/>
  <testcase name="loginTest" time="16.945" classname="ABC_Demo5.TC01_Login_DataProvider2"/>
  <system-out/>
  <testcase name="loginTest" time="16.255" classname="ABC_Demo5.TC01_Login_DataProvider2"/>
  <system-out/>
</testsuite> <!-- ABC_Demo5.TC01_Login_DataProvider2 -->
