<?xml version="1.0" encoding="UTF-8"?>
<!-- Generated by org.testng.reporters.JUnitReportReporter -->
<testsuite skipped="0" hostname="DESKTOP-JDGVO00" name="Day_022_Action_class.TC01_Mouse_Hover_Action" tests="1" failures="0" timestamp="2021-05-01T09:06:22 IST" time="11.176" errors="0">
  <testcase name="Login_Test" time="11.176" classname="Day_022_Action_class.TC01_Mouse_Hover_Action"/>
  <system-out/>
</testsuite> <!-- Day_022_Action_class.TC01_Mouse_Hover_Action -->
