<?xml version="1.0" encoding="UTF-8"?>
<!-- Generated by org.testng.reporters.JUnitReportReporter -->
<testsuite skipped="0" hostname="DESKTOP-JDGVO00" name="Day_022_Action_class.TC02_Double_Click" tests="1" failures="0" timestamp="2021-05-01T09:08:07 IST" time="10.265" errors="0">
  <testcase name="Login_Test" time="10.265" classname="Day_022_Action_class.TC02_Double_Click"/>
  <system-out/>
</testsuite> <!-- Day_022_Action_class.TC02_Double_Click -->
