<?xml version="1.0" encoding="UTF-8"?>
<!-- Generated by org.testng.reporters.JUnitReportReporter -->
<testsuite hostname="DESKTOP-09QDUHK" failures="0" tests="1" name="Day_021_Java_Script_Executer.TC01_JavaSE_ScrollByVisibleElement" time="4.001" errors="0" timestamp="2021-06-08T15:24:05 IST" skipped="0">
  <testcase classname="Day_021_Java_Script_Executer.TC01_JavaSE_ScrollByVisibleElement" name="Login" time="4.001"/>
  <system-out/>
</testsuite> <!-- Day_021_Java_Script_Executer.TC01_JavaSE_ScrollByVisibleElement -->
