<?xml version="1.0" encoding="UTF-8"?>
<!-- Generated by org.testng.reporters.JUnitReportReporter -->
<testsuite skipped="0" hostname="DESKTOP-JDGVO00" name="Day_008_Emailable_Report.TestExample1" tests="1" failures="0" timestamp="2021-04-26T08:39:20 IST" time="6.842" errors="0">
  <testcase name="Test2" time="6.842" classname="Day_008_Emailable_Report.TestExample1"/>
  <system-out>
Pass- open Orangehrm1 Pass- Enter User Name1 Pass- Enter Password1 Pass- Click on Signin1  </system-out>
</testsuite> <!-- Day_008_Emailable_Report.TestExample1 -->
