<?xml version="1.0" encoding="UTF-8"?>
<!-- Generated by org.testng.reporters.JUnitReportReporter -->
<testsuite hostname="DESKTOP-09QDUHK" failures="0" tests="3" name="Day_013_InvocationCount.TC01_InvocationCount" time="18.823" errors="0" timestamp="2021-06-01T13:16:20 IST" skipped="0">
  <testcase classname="Day_013_InvocationCount.TC01_InvocationCount" name="Login" time="6.142"/>
  <system-out/>
  <testcase classname="Day_013_InvocationCount.TC01_InvocationCount" name="Login" time="6.644"/>
  <system-out/>
  <testcase classname="Day_013_InvocationCount.TC01_InvocationCount" name="Login" time="6.037"/>
  <system-out/>
</testsuite> <!-- Day_013_InvocationCount.TC01_InvocationCount -->
