<?xml version="1.0" encoding="UTF-8"?>
<!-- Generated by org.testng.reporters.JUnitReportReporter -->
<testsuite hostname="DESKTOP-09QDUHK" failures="0" tests="1" name="Day_008_Emailable_Report.NewTest_01_eample" time="2.939" errors="0" timestamp="2021-06-01T15:04:08 IST" skipped="0">
  <testcase classname="Day_008_Emailable_Report.NewTest_01_eample" name="Emailable_report" time="2.939"/>
  <system-out>
    <![CDATA[Open facbook
pass enter username 
pass enter password 
pass click on login ]]>
  </system-out>
</testsuite> <!-- Day_008_Emailable_Report.NewTest_01_eample -->
