<?xml version="1.0" encoding="UTF-8"?>
<!-- Generated by org.testng.reporters.JUnitReportReporter -->
<testsuite skipped="0" hostname="DESKTOP-JDGVO00" name="Day_022_Action_class.TC04_Drag_And_Drop" tests="1" failures="0" timestamp="2021-05-03T08:39:24 IST" time="9.463" errors="0">
  <testcase name="Login_Test" time="9.463" classname="Day_022_Action_class.TC04_Drag_And_Drop"/>
  <system-out/>
</testsuite> <!-- Day_022_Action_class.TC04_Drag_And_Drop -->
