<?xml version="1.0" encoding="UTF-8"?>
<!-- Generated by org.testng.reporters.JUnitReportReporter -->
<testsuite skipped="0" hostname="DESKTOP-JDGVO00" name="Day_019_Frames.FrameByIndex" tests="1" failures="0" timestamp="2021-04-27T08:50:18 IST" time="5.092" errors="0">
  <testcase name="Login_Test" time="5.092" classname="Day_019_Frames.FrameByIndex"/>
  <system-out/>
</testsuite> <!-- Day_019_Frames.FrameByIndex -->
