<?xml version="1.0" encoding="UTF-8"?>
<!-- Generated by org.testng.reporters.JUnitReportReporter -->
<testsuite skipped="0" hostname="DESKTOP-JDGVO00" name="Day_003_Locators.TC08_tagName" tests="1" failures="0" timestamp="2021-05-24T09:25:35 IST" time="6.013" errors="0">
  <testcase name="Test2" time="6.013" classname="Day_003_Locators.TC08_tagName"/>
  <system-out/>
</testsuite> <!-- Day_003_Locators.TC08_tagName -->
