<?xml version="1.0" encoding="UTF-8"?>
<!-- Generated by org.testng.reporters.JUnitReportReporter -->
<testsuite skipped="0" hostname="DESKTOP-JDGVO00" name="Day_004_Dropdown.Listbox2" tests="1" failures="0" timestamp="2021-05-25T09:41:42 IST" time="17.987" errors="0">
  <testcase name="Test1" time="17.987" classname="Day_004_Dropdown.Listbox2"/>
  <system-out/>
</testsuite> <!-- Day_004_Dropdown.Listbox2 -->
