<?xml version="1.0" encoding="UTF-8"?>
<!-- Generated by org.testng.reporters.JUnitReportReporter -->
<testsuite skipped="0" hostname="DESKTOP-JDGVO00" name="Day_029_PageObjectModel.TC01_Add_Locations" tests="1" failures="0" timestamp="2021-03-09T09:23:12 IST" time="4.973" errors="0">
  <testcase name="Book_OneWay_Flight" time="4.973" classname="Day_029_PageObjectModel.TC01_Add_Locations"/>
  <system-out/>
</testsuite> <!-- Day_029_PageObjectModel.TC01_Add_Locations -->
