<?xml version="1.0" encoding="UTF-8"?>
<!-- Generated by org.testng.reporters.JUnitReportReporter -->
<testsuite hostname="DESKTOP-09QDUHK" failures="0" tests="1" name="AAA.LOGIN2" time="15.085" errors="0" timestamp="2021-05-28T16:32:13 IST" skipped="0">
  <testcase classname="AAA.LOGIN2" name="Login" time="15.085"/>
  <system-out/>
</testsuite> <!-- AAA.LOGIN2 -->
