<?xml version="1.0" encoding="UTF-8"?>
<!-- Generated by org.testng.reporters.JUnitReportReporter -->
<testsuite skipped="0" hostname="DESKTOP-JDGVO00" name="Day_019_Frames.Switch_Frame_By_WebElement" tests="1" failures="0" timestamp="2021-04-27T08:47:08 IST" time="6.998" errors="0">
  <testcase name="Login_Test" time="6.998" classname="Day_019_Frames.Switch_Frame_By_WebElement"/>
  <system-out/>
</testsuite> <!-- Day_019_Frames.Switch_Frame_By_WebElement -->
