<?xml version="1.0" encoding="UTF-8"?>
<!-- Generated by org.testng.reporters.JUnitReportReporter -->
<testsuite skipped="0" hostname="DESKTOP-JDGVO00" name="AAA_Z.NewTest_TC01" tests="1" failures="0" timestamp="2021-04-17T20:46:11 IST" time="4.042" errors="0">
  <testcase name="logintest" time="4.042" classname="AAA_Z.NewTest_TC01"/>
  <system-out/>
</testsuite> <!-- AAA_Z.NewTest_TC01 -->
