<?xml version="1.0" encoding="UTF-8"?>
<!-- Generated by org.testng.reporters.JUnitReportReporter -->
<testsuite skipped="0" hostname="DESKTOP-JDGVO00" name="AAA.TC01_Add_jobs_Methods_Parameters" tests="1" failures="0" timestamp="2021-03-18T09:44:32 IST" time="14.538" errors="0">
  <testcase name="AddJobs" time="14.538" classname="AAA.TC01_Add_jobs_Methods_Parameters"/>
  <system-out/>
</testsuite> <!-- AAA.TC01_Add_jobs_Methods_Parameters -->
