<?xml version="1.0" encoding="UTF-8"?>
<!-- Generated by org.testng.reporters.JUnitReportReporter -->
<testsuite skipped="0" hostname="DESKTOP-JDGVO00" name="AAAA_10.Test1_Login_Methods_Paarmeters" tests="1" failures="0" timestamp="2021-05-22T09:27:16 IST" time="13.749" errors="0">
  <testcase name="LoginTest" time="13.749" classname="AAAA_10.Test1_Login_Methods_Paarmeters"/>
  <system-out/>
</testsuite> <!-- AAAA_10.Test1_Login_Methods_Paarmeters -->
