<?xml version="1.0" encoding="UTF-8"?>
<!-- Generated by org.testng.reporters.JUnitReportReporter -->
<testsuite skipped="0" hostname="DESKTOP-JDGVO00" name="Day_011_Katalon_Recorder.TC01_login" tests="1" failures="0" timestamp="2021-03-25T09:39:21 IST" time="17.023" errors="0">
  <testcase name="testTC06NATIONA" time="17.023" classname="Day_011_Katalon_Recorder.TC01_login"/>
  <system-out/>
</testsuite> <!-- Day_011_Katalon_Recorder.TC01_login -->
