<?xml version="1.0" encoding="UTF-8"?>
<!-- Generated by org.testng.reporters.JUnitReportReporter -->
<testsuite skipped="0" hostname="DESKTOP-JDGVO00" name="Day_43_Smart_Search.TC014_Startswith" tests="1" failures="0" timestamp="2021-05-21T08:21:51 IST" time="7.890" errors="0">
  <testcase name="Test1" time="7.890" classname="Day_43_Smart_Search.TC014_Startswith"/>
  <system-out/>
</testsuite> <!-- Day_43_Smart_Search.TC014_Startswith -->
