<?xml version="1.0" encoding="UTF-8"?>
<!-- Generated by org.testng.reporters.JUnitReportReporter -->
<testsuite skipped="0" hostname="DESKTOP-JDGVO00" name="Day_017_Priorities_Test.TC01_Priority_Order" tests="6" failures="0" timestamp="2021-04-30T08:26:20 IST" time="15.191" errors="0">
  <testcase name="Test1_OpenChromeBrowser" time="1.966" classname="Day_017_Priorities_Test.TC01_Priority_Order"/>
  <system-out/>
  <testcase name="Test2_OpenOrangeHRM" time="3.195" classname="Day_017_Priorities_Test.TC01_Priority_Order"/>
  <system-out/>
  <testcase name="Test3_Login" time="3.734" classname="Day_017_Priorities_Test.TC01_Priority_Order"/>
  <system-out/>
  <testcase name="Test4_Addnatialities" time="4.110" classname="Day_017_Priorities_Test.TC01_Priority_Order"/>
  <system-out/>
  <testcase name="Test5_Logout" time="1.406" classname="Day_017_Priorities_Test.TC01_Priority_Order"/>
  <system-out/>
  <testcase name="Test6_closebrowser" time="0.780" classname="Day_017_Priorities_Test.TC01_Priority_Order"/>
  <system-out/>
</testsuite> <!-- Day_017_Priorities_Test.TC01_Priority_Order -->
