<?xml version="1.0" encoding="UTF-8"?>
<!-- Generated by org.testng.reporters.JUnitReportReporter -->
<testsuite skipped="0" hostname="DESKTOP-JDGVO00" name="Day_022_Action_class.TC03_Context_Menu" tests="1" failures="0" timestamp="2021-05-03T08:37:55 IST" time="5.635" errors="0">
  <testcase name="Login_Test" time="5.635" classname="Day_022_Action_class.TC03_Context_Menu"/>
  <system-out/>
</testsuite> <!-- Day_022_Action_class.TC03_Context_Menu -->
