<?xml version="1.0" encoding="UTF-8"?>
<!-- Generated by org.testng.reporters.JUnitReportReporter -->
<testsuite skipped="0" hostname="DESKTOP-JDGVO00" name="Day_020_Multiple_Windows.TC01_Open_Three_Tabs" tests="1" failures="0" timestamp="2021-03-27T09:37:56 IST" time="8.762" errors="0">
  <testcase name="Login_Test" time="8.762" classname="Day_020_Multiple_Windows.TC01_Open_Three_Tabs"/>
  <system-out/>
</testsuite> <!-- Day_020_Multiple_Windows.TC01_Open_Three_Tabs -->
